<?xml version="1.0" encoding="UTF-8"?>
<!-- Generated by org.testng.reporters.JUnitReportReporter -->
<testsuite skipped="0" hostname="M3YSWVZ1" name="com.ibpm.testcases.Login" tests="2" failures="0" timestamp="25 Mar 2019 21:41:10 GMT" time="19.629" errors="0">
  <testcase name="validateLoginPageTitle" time="0.047" classname="com.ibpm.testcases.Login"/>
  <testcase name="loginTest" time="19.582" classname="com.ibpm.testcases.Login"/>
</testsuite> <!-- com.ibpm.testcases.Login -->
