<?xml version="1.0" encoding="UTF-8"?>
<!-- Generated by org.testng.reporters.JUnitReportReporter -->
<testsuite skipped="0" hostname="M3YSWVZ1" name="com.ibpm.testcases.Login" tests="2" failures="0" timestamp="07 May 2019 21:42:38 GMT" time="1.345" errors="0">
  <testcase name="validateLoginPageTitle" time="0.541" classname="com.ibpm.testcases.Login"/>
  <testcase name="loginTest" time="0.804" classname="com.ibpm.testcases.Login"/>
</testsuite> <!-- com.ibpm.testcases.Login -->
