<?xml version="1.0" encoding="UTF-8"?>
<!-- Generated by org.testng.reporters.JUnitReportReporter -->
<testsuite skipped="0" hostname="M3YSWVZ1" name="com.ibpm.testcases.Search_cards_trn" tests="1" failures="0" timestamp="07 May 2019 21:42:38 GMT" time="2.475" errors="0">
  <testcase name="Search_CARD_TRN" time="2.475" classname="com.ibpm.testcases.Search_cards_trn"/>
</testsuite> <!-- com.ibpm.testcases.Search_cards_trn -->
